--- adb starting (pid 6572) ---
adb I 10-16 09:47:39  6572  6572 main.cpp:57] Android Debug Bridge version 1.0.39
adb I 10-16 09:47:39  6572  6572 main.cpp:57] Version 1:8.1.0+r23-5~18.04
adb I 10-16 09:47:39  6572  6572 main.cpp:57] Installed as /usr/lib/android-sdk/platform-tools/adb
adb I 10-16 09:47:39  6572  6572 main.cpp:57] 
adb I 10-16 09:47:39  6572  6572 adb_auth_host.cpp:416] adb_auth_init...
adb I 10-16 09:47:39  6572  6572 adb_auth_host.cpp:174] read_key_file '/home/irvan/.android/adbkey'...
adb I 10-16 09:47:39  6572  6572 adb_auth_host.cpp:391] adb_auth_inotify_init...
error: error writing ACK to fd 4: Broken pipe
--- adb starting (pid 10973) ---
adb I 10-16 16:39:32 10973 10973 main.cpp:57] Android Debug Bridge version 1.0.39
adb I 10-16 16:39:32 10973 10973 main.cpp:57] Version 1:8.1.0+r23-5~18.04
adb I 10-16 16:39:32 10973 10973 main.cpp:57] Installed as /usr/lib/android-sdk/platform-tools/adb
adb I 10-16 16:39:32 10973 10973 main.cpp:57] 
adb I 10-16 16:39:32 10973 10973 adb_auth_host.cpp:416] adb_auth_init...
adb I 10-16 16:39:32 10973 10973 adb_auth_host.cpp:174] read_key_file '/home/irvan/.android/adbkey'...
adb I 10-16 16:39:32 10973 10973 adb_auth_host.cpp:391] adb_auth_inotify_init...
adb I 10-17 01:03:27 10973 10973 adb_auth_host.cpp:467] Calling send_auth_response
--- adb starting (pid 3114) ---
adb I 10-17 16:07:38  3114  3114 main.cpp:57] Android Debug Bridge version 1.0.39
adb I 10-17 16:07:38  3114  3114 main.cpp:57] Version 1:8.1.0+r23-5~18.04
adb I 10-17 16:07:38  3114  3114 main.cpp:57] Installed as /usr/lib/android-sdk/platform-tools/adb
adb I 10-17 16:07:38  3114  3114 main.cpp:57] 
adb I 10-17 16:07:38  3114  3114 adb_auth_host.cpp:416] adb_auth_init...
adb I 10-17 16:07:38  3114  3114 adb_auth_host.cpp:174] read_key_file '/home/irvan/.android/adbkey'...
adb I 10-17 16:07:38  3114  3114 adb_auth_host.cpp:391] adb_auth_inotify_init...
--- adb starting (pid 3075) ---
adb I 10-17 16:56:03  3075  3075 main.cpp:57] Android Debug Bridge version 1.0.39
adb I 10-17 16:56:03  3075  3075 main.cpp:57] Version 1:8.1.0+r23-5~18.04
adb I 10-17 16:56:03  3075  3075 main.cpp:57] Installed as /usr/lib/android-sdk/platform-tools/adb
adb I 10-17 16:56:03  3075  3075 main.cpp:57] 
adb I 10-17 16:56:03  3075  3075 adb_auth_host.cpp:416] adb_auth_init...
adb I 10-17 16:56:03  3075  3075 adb_auth_host.cpp:174] read_key_file '/home/irvan/.android/adbkey'...
adb I 10-17 16:56:03  3075  3075 adb_auth_host.cpp:391] adb_auth_inotify_init...
